# Phase 29 Commands Log

Recorded on 2026-06-04.

- PASS: `git diff --check`
- PASS: `scripts/scan-claims README.md docs samples Tools`
  - Scanned 184 public text files.
  - No unsupported public claim text found.
- PASS: `scripts/verify-quick`
  - Passed structure, claim, phase, and SDE boundary checks.
  - No phase was marked Verified.
- PASS: `scripts/verify-local --allow-dirty`
  - Passed the CI-ready local pre-commit gate with dirty worktree allowed.
  - Real build was not requested by the script.
- PASS: `scripts/verify-phase 29`
  - Phase 29 structure checks passed.
  - No phase was marked Verified.
- PASS: `nix-shell --run "cmake --build build/RelWithDebInfo-0.0.9-sde --target Saga SagaProductTests --parallel 1"`
  - Built the SDE-enabled Product Shell binary and focused unit-test target.
- PASS: `build/RelWithDebInfo-0.0.9-sde/bin/SagaProductTests --gtest_filter='*Role*:*Permission*:*Slice*:*Visibility*:*LocalWorkspace*:*StarterArena*'`
  - Ran 12 focused tests.
  - All focused tests passed.
- PASS: `build/RelWithDebInfo-0.0.9-sde/bin/Saga --local-workspace-slice-smoke --project samples/StarterArena/StarterArena.sagaproj --workspace builtin:basic --actor local.actor --slice starterarena.project_overview --slice-target samples/StarterArena/StarterArena.sagaproj --slice-report-out /tmp/starter_arena_project_slice_report.json`
  - Wrote `/tmp/starter_arena_project_slice_report.json`.
  - Report status: `Ready`.
  - Report verified flag: `false`.
  - Slice durable/mutatesProject flags: `false`.
  - Visibility permissionEnforced/policyBacked/networked flags: `false`.

No phase verification commands have been recorded yet.
