# Phase 10 Commands Log

git status --short
Result: passed. Worktree was clean before implementation.

Tools/Forge/bin/forge nix build --target SagaRuntime --build build/RelWithDebInfo-0.0.9 --jobs=1
Result: passed. No CMake or dependency changes were needed.

build/RelWithDebInfo-0.0.9/bin/SagaRuntime --headless --project samples/StarterArena/StarterArena.sagaproj --starter-arena-smoke --smoke-report-out /tmp/starter_arena_runtime_smoke.json --smoke-frames 30 --fixed-dt 0.016
Result: passed. The command exited 0 and wrote
`/tmp/starter_arena_runtime_smoke.json`.

/tmp/starter_arena_runtime_smoke.json
Result: status `Passed`, project id `starter-arena`, 30 frames, final position
`(1.0, 0.96)`, bounds `[-1, 1]`, 15 clamp events, and explicit non-claims for
interactive gameplay, renderer, client/network, server authority, C# scripts,
Visual Blocks, editor workflow, package output, and distribution output.

build/RelWithDebInfo-0.0.9/bin/SagaRuntime --headless --starter-arena-smoke --smoke-report-out /tmp/starter_arena_missing_project_smoke.json --smoke-frames 1 --fixed-dt 0.016
Result: failed as expected with `StarterArena.Project.MissingInput` and wrote a
failed smoke report.

build/RelWithDebInfo-0.0.9/bin/SagaRuntime --project samples/StarterArena/StarterArena.sagaproj --starter-arena-smoke --smoke-report-out /tmp/starter_arena_missing_headless_smoke.json --smoke-frames 1 --fixed-dt 0.016
Result: failed as expected with `StarterArena.Smoke.HeadlessRequired` and wrote a
failed smoke report.

build/RelWithDebInfo-0.0.9/bin/SagaRuntime --headless --project samples/StarterArena/StarterArena.sagaproj --starter-arena-smoke --smoke-report-out /tmp/starter_arena_zero_frames_smoke.json --smoke-frames 0 --fixed-dt 0.016
Result: failed as expected with `StarterArena.Smoke.FrameCountInvalid` and wrote
a failed smoke report.

No SagaLaunchLab, package/distribution script, CMake, C# script, Visual Blocks,
editor workflow, server multiplayer, or reusable scene system files were
modified.

git diff --check
Result: passed.

scripts/scan-claims README.md docs samples Tools
Result: passed.

scripts/verify-quick
Result: passed.

scripts/verify-local --allow-dirty
Result: passed. Pre-commit mode allowed the intentionally dirty worktree.

scripts/verify-phase 10
Result: passed. No phase was marked Verified.
