# Phase 16 Commands Log

All commands below were run locally in this batch. No phase was marked
`Verified`.

## SagaScript CLI Tests

```bash
nix-shell --run "python3 Tools/SagaScript/tests/test_sagascript_cli.py"
```

Result: passed (`68 SagaScript CLI tests passed`).

## Manual apply-block-edit Smoke

```bash
mktemp -d /tmp/saga-phase16-smoke-XXXXXX
nix-shell --run "Tools/SagaScript/sagascript project-blocks --source Tools/SagaScript/tests/fixtures/csharp_blocks/projectable/GameRulesProjectable.cs --out /tmp/saga-phase16-smoke-CxCagw/blocks --json"
nix-shell --run "python3 -c '<write one StringLiteralEdit operation from visual_blocks_projection_v1.json to /tmp/saga-phase16-smoke-CxCagw/operation.json>'"
nix-shell --run "Tools/SagaScript/sagascript plan-block-edit --projection /tmp/saga-phase16-smoke-CxCagw/blocks/visual_blocks_projection_v1.json --operation /tmp/saga-phase16-smoke-CxCagw/operation.json --out /tmp/saga-phase16-smoke-CxCagw/block_patch_preview_v1.json --json"
nix-shell --run "Tools/SagaScript/sagascript apply-block-edit --preview /tmp/saga-phase16-smoke-CxCagw/block_patch_preview_v1.json --source-root Tools/SagaScript/tests/fixtures/csharp_blocks/projectable/GameRulesProjectable.cs --out /tmp/saga-phase16-smoke-CxCagw/apply --json"
```

Result: passed. The apply report status was `Passed`, `changedSpanOnly` was
`true`, `mutatesSource` was `false`, and the patched copy was written under
`/tmp/saga-phase16-smoke-CxCagw/apply/patched-source/`.

Note: one initial helper command for writing the operation JSON failed due shell
quoting around a string literal and was rerun with simpler target selection. It
did not mutate tracked repo files.

## Required Gates

```bash
git diff --check
scripts/scan-claims README.md docs samples Tools
scripts/verify-quick
scripts/verify-local --allow-dirty
scripts/verify-phase 16
```

Result after final rerun: passed.
