# Phase 17 Commands Log

All commands below were run locally in this batch. No phase was marked
`Verified`.

## SagaScript CLI Tests

```bash
nix-shell --run "python3 Tools/SagaScript/tests/test_sagascript_cli.py"
```

Result: passed (`69 SagaScript CLI tests passed`).

The Phase 17 test-level orchestration performs:

```txt
compatibility-profile
project-blocks
plan-block-edit
apply-block-edit
analyze patched copied source
compile patched copied source
```

It writes temporary `two_way_authoring_report_v1.json` evidence inside the test
temp directory only.

## Manual /tmp Chain

The same command sequence was run manually using temporary root
`/tmp/saga-phase17-chain-VL5u52`, the Phase 17 fixture, and copied output only:

```bash
mktemp -d /tmp/saga-phase17-chain-XXXXXX
nix-shell --run "Tools/SagaScript/sagascript compatibility-profile --source Tools/SagaScript/tests/fixtures/two_way_authoring/string_literal_edit/TwoWayRules.cs --out /tmp/saga-phase17-chain-VL5u52/profile --json"
nix-shell --run "Tools/SagaScript/sagascript project-blocks --source Tools/SagaScript/tests/fixtures/two_way_authoring/string_literal_edit/TwoWayRules.cs --out /tmp/saga-phase17-chain-VL5u52/blocks --json"
python3 -c "<write one StringLiteralEdit operation targeting the return \"starter_key\" literal>"
nix-shell --run "Tools/SagaScript/sagascript plan-block-edit --projection /tmp/saga-phase17-chain-VL5u52/blocks/visual_blocks_projection_v1.json --operation /tmp/saga-phase17-chain-VL5u52/operation.json --out /tmp/saga-phase17-chain-VL5u52/block_patch_preview_v1.json --json"
nix-shell --run "Tools/SagaScript/sagascript apply-block-edit --preview /tmp/saga-phase17-chain-VL5u52/block_patch_preview_v1.json --source-root Tools/SagaScript/tests/fixtures/two_way_authoring/string_literal_edit/TwoWayRules.cs --out /tmp/saga-phase17-chain-VL5u52/apply --json"
nix-shell --run "Tools/SagaScript/sagascript analyze --source /tmp/saga-phase17-chain-VL5u52/apply/patched-source/TwoWayRules.cs --out /tmp/saga-phase17-chain-VL5u52/analyze --json"
nix-shell --run "Tools/SagaScript/sagascript compile --source /tmp/saga-phase17-chain-VL5u52/apply/patched-source/TwoWayRules.cs --out /tmp/saga-phase17-chain-VL5u52/manifests --artifacts-out /tmp/saga-phase17-chain-VL5u52/artifacts --project-root /tmp/saga-phase17-chain-VL5u52 --json"
```

Result: passed. The apply report status was `Passed`, `changedSpanOnly` was
`true`, and both patched `analyze` and patched `compile` exited 0.

## Required Gates

```bash
git diff --check
scripts/scan-claims README.md docs samples Tools
scripts/verify-quick
scripts/verify-local --allow-dirty
scripts/verify-phase 17
```

Result after final rerun: passed.
