# Phase 32 Commands Log

## 2026-06-04

```bash
nix-shell --run "python3 Tools/SystemDefinitionEngine/build.py --jobs 1"
```

Result: failed before implementation evidence was accepted. The existing
`Tools/SystemDefinitionEngine/build` cache had been configured without the
Conan toolchain, so CMake could not find `nlohmann_json`.

```bash
nix-shell --run "python3 Tools/SystemDefinitionEngine/build.py --clean --jobs 1"
```

Result: passed. The command configured SDE with the Conan toolchain, built the
real `sde-cli` CMake target, linked the real `sde` executable, and staged it at
`Tools/SystemDefinitionEngine/bin/sde`.

```bash
test -x Tools/SystemDefinitionEngine/bin/sde
```

Result: passed.

```bash
Tools/SystemDefinitionEngine/bin/sde --help
```

Result: passed. The command printed the real SDE CLI usage for `validate`,
`compile`, `inspect`, `--version`, and `--help`.

```bash
scripts/package-linux-saga
```

Result: expected blocked preflight, exit code `1`. The `sde CLI` blocker was no
longer reported. Remaining blockers:

- `expected final distribution layout: missing directory build/dist/linux/Saga`
- `expected distribution VERSION: missing file build/dist/linux/Saga/VERSION`
- `expected distribution VERIFY.txt: missing file build/dist/linux/Saga/VERIFY.txt`
- `expected distribution known limitations: missing file build/dist/linux/Saga/KNOWN_LIMITATIONS.md`
- `expected distribution archive: missing file build/dist/linux/Saga.tar.zst`
- `expected distribution checksum: missing file build/dist/linux/Saga.sha256`

```bash
python3 -m json.tool build/reports/linux_package_preflight_report.json
```

Result: passed. The report recorded `sde CLI` as available at
`Tools/SystemDefinitionEngine/bin/sde`, kept `verified: false`, and kept final
distribution layout, archive, and checksum entries missing.

```bash
python3 - <<'PY'
import json
from pathlib import Path

p = Path("build/reports/linux_package_preflight_report.json")
data = json.loads(p.read_text())

assert data.get("verified") is False
missing_blob = json.dumps(data.get("missingInputs", [])) + json.dumps(data.get("diagnostics", []))
assert "sde" not in missing_blob.lower(), "sde blocker still present"
assert "Saga.tar.zst" in missing_blob or "archive" in missing_blob.lower(), "archive/checksum blockers should remain unless honestly implemented"
print("Phase 32 package preflight report: real sde blocker closed, remaining distribution blockers preserved.")
PY
```

Result: passed.

```bash
git diff --check
```

Result: passed.

```bash
scripts/scan-claims README.md docs samples Tools
```

Result: passed. Scanned 186 public text files; no unsupported public claim text
found.

```bash
scripts/verify-quick
```

Result: passed. This did not mark any phase Verified.

```bash
scripts/verify-local --allow-dirty
```

Result: passed. Real build was false; all-safe tests were false; dirty worktree
was allowed for pre-commit verification.

```bash
scripts/verify-phase 32
```

Result: passed. Phase 32 structure checks passed; no phase was marked Verified.
