# Phase 09 Commands Log

nix-shell --run "Tools/SagaProjectKit/sagaproject validate --project samples/StarterArena/StarterArena.sagaproj --out /tmp/starter_arena_validate.json"
Result: passed.

scripts/scan-claims README.md docs samples Tools
Result: passed.

scripts/verify-quick
Result: passed.

scripts/verify-local --allow-dirty
Result: passed. Pre-commit mode allowed the intentionally dirty worktree.

scripts/verify-phase 9
Result: passed. No phase was marked Verified.

git diff --check
Result: passed.

scripts/package-linux-saga
Result: failed as an optional non-gate diagnostic. The script staged or
generated no files. Missing reasons were the SDE binary, expected distribution
layout, VERSION, VERIFY.txt, known limitations file, archive, and checksum.
StarterArena was not reported as missing.

No gameplay code, fake assets, runtime smoke evidence, launch profiles, package
profiles, scene data, or scripts were added for this phase.
