# Phase 12 Commands Log

git status --short
Result: passed. Worktree was clean before implementation.

Tools/Forge/bin/forge nix build --target MultiplayerSandboxHeadless --build build/RelWithDebInfo-0.0.9 --jobs=1
Result: passed. The focused headless tool target built successfully.

build/RelWithDebInfo-0.0.9/bin/MultiplayerSandboxHeadless --project samples/StarterArena/StarterArena.sagaproj --starter-arena-server-smoke --report-out /tmp/starter_arena_server_smoke.json --diagnostics-out /tmp/starter_arena_server_diagnostics --ticks 1 --fixed-dt 1.0
Result: passed. The command exited `0` and wrote
`/tmp/starter_arena_server_smoke.json`.

/tmp/starter_arena_server_smoke.json
Result: status `Passed`, project id `starter-arena`, server authority `true`,
network mode `HeadlessSmoke`, accepted input count `1`, rejected input count
`1`, snapshot count `1`, authoritative state fields present, invalid input
diagnostics present, and non-claims present.

Tools/Forge/bin/forge nix build --target MultiplayerSandboxHeadlessTests --build build/RelWithDebInfo-0.0.9 --jobs=1
Result: passed. The focused test target built successfully.

build/RelWithDebInfo-0.0.9/bin/MultiplayerSandboxHeadlessTests
Result: passed. All 6 focused tests passed.

git diff --check
Result: passed.

scripts/scan-claims README.md docs samples Tools
Result: passed. No unsupported public claim text was found.

scripts/verify-quick
Result: passed.

scripts/verify-local --allow-dirty
Result: passed.

scripts/verify-phase 12
Result: passed. No phase was marked Verified.
