# Phase 02 Commands Log

## Initial Batch 2 Scan

```txt
scripts/scan-claims README.md docs samples Tools
scan-claims: scanned 167 public text file(s)
scan-claims: unsupported public claim text found:
docs/architecture/EDITOR.md:17: full-visual-scripting
docs/architecture/ENTERPRISE_EVOLVABLE_OPENING_CHECKPOINT.md:36: release-candidate
docs/architecture/ENTERPRISE_EVOLVABLE_OPENING_CHECKPOINT.md:37: public-beta
docs/roadmaps/EDITOR_ROADMAP.md:536: production-ready
docs/roadmaps/EDITOR_ROADMAP.md:559: production-ready
docs/roadmaps/EDITOR_ROADMAP.md:582: production-ready
docs/roadmaps/ENGINE_RECOVERY_ROADMAP.md:916: production-ready
docs/roadmaps/ENGINE_RECOVERY_ROADMAP.md:940: production-ready
docs/roadmaps/ENGINE_RECOVERY_ROADMAP.md:985: production-ready
docs/roadmaps/ENGINE_RECOVERY_ROADMAP.md:1340: release-candidate
docs/roadmaps/ENGINE_RECOVERY_ROADMAP.md:1340: public-beta
docs/roadmaps/ENGINE_RECOVERY_ROADMAP.md:1358: release-candidate
docs/roadmaps/ENGINE_RECOVERY_ROADMAP.md:1358: public-beta
```

## After Cleanup

```txt
git diff --check
PASS

scripts/scan-claims README.md docs samples Tools
scan-claims: scanned 167 public text file(s)
scan-claims: no unsupported public claim text found

scripts/verify-quick
verify-quick: passed

scripts/verify-phase 2
verify-phase: passed structure checks for phase(s): 02
verify-phase: no phase was marked Verified
```
